{"/Users/macintoshhd/Documents/works/tendered-api/src/constants/messages.js":{"path":"/Users/macintoshhd/Documents/works/tendered-api/src/constants/messages.js","s":{"1":1,"2":1},"b":{},"f":{},"fnMap":{},"statementMap":{"1":{"start":{"line":3,"column":0},"end":{"line":36,"column":2}},"2":{"start":{"line":38,"column":0},"end":{"line":38,"column":26}}},"branchMap":{}},"/Users/macintoshhd/Documents/works/tendered-api/src/utils/middleware/error.js":{"path":"/Users/macintoshhd/Documents/works/tendered-api/src/utils/middleware/error.js","s":{"1":1,"2":1,"3":0,"4":0,"5":0,"6":0,"7":0,"8":0,"9":0},"b":{"1":[0,0],"2":[0,0]},"f":{},"fnMap":{},"statementMap":{"1":{"start":{"line":4,"column":0},"end":{"line":4,"column":47}},"2":{"start":{"line":6,"column":0},"end":{"line":26,"column":2}},"3":{"start":{"line":8,"column":4},"end":{"line":8,"column":31}},"4":{"start":{"line":11,"column":4},"end":{"line":11,"column":23}},"5":{"start":{"line":13,"column":4},"end":{"line":15,"column":5}},"6":{"start":{"line":14,"column":8},"end":{"line":14,"column":28}},"7":{"start":{"line":17,"column":4},"end":{"line":17,"column":32}},"8":{"start":{"line":18,"column":4},"end":{"line":18,"column":23}},"9":{"start":{"line":21,"column":4},"end":{"line":25,"column":7}}},"branchMap":{"1":{"line":13,"type":"if","locations":[{"start":{"line":13,"column":4},"end":{"line":13,"column":4}},{"start":{"line":13,"column":4},"end":{"line":13,"column":4}}]},"2":{"line":21,"type":"binary-expr","locations":[{"start":{"line":21,"column":15},"end":{"line":21,"column":22}},{"start":{"line":21,"column":26},"end":{"line":21,"column":29}}]}}},"/Users/macintoshhd/Documents/works/tendered-api/src/constants/codes.js":{"path":"/Users/macintoshhd/Documents/works/tendered-api/src/constants/codes.js","s":{"1":1,"2":1},"b":{},"f":{},"fnMap":{},"statementMap":{"1":{"start":{"line":3,"column":0},"end":{"line":19,"column":2}},"2":{"start":{"line":21,"column":0},"end":{"line":21,"column":23}}},"branchMap":{}},"/Users/macintoshhd/Documents/works/tendered-api/src/models/won_bid.js":{"path":"/Users/macintoshhd/Documents/works/tendered-api/src/models/won_bid.js","s":{"1":1,"2":1,"3":1,"4":1,"5":1},"b":{},"f":{},"fnMap":{},"statementMap":{"1":{"start":{"line":3,"column":0},"end":{"line":3,"column":37}},"2":{"start":{"line":5,"column":0},"end":{"line":19,"column":3}},"3":{"start":{"line":22,"column":0},"end":{"line":25,"column":3}},"4":{"start":{"line":28,"column":0},"end":{"line":28,"column":54}},"5":{"start":{"line":30,"column":0},"end":{"line":30,"column":24}}},"branchMap":{}},"/Users/macintoshhd/Documents/works/tendered-api/src/models/request.js":{"path":"/Users/macintoshhd/Documents/works/tendered-api/src/models/request.js","s":{"1":1,"2":1,"3":0,"4":0,"5":1,"6":1,"7":1,"8":1},"b":{"1":[0,0]},"f":{"1":0},"fnMap":{"1":{"name":"validTimeline","line":5,"loc":{"start":{"line":5,"column":0},"end":{"line":5,"column":26}}}},"statementMap":{"1":{"start":{"line":3,"column":0},"end":{"line":3,"column":37}},"2":{"start":{"line":5,"column":0},"end":{"line":8,"column":1}},"3":{"start":{"line":6,"column":4},"end":{"line":6,"column":25}},"4":{"start":{"line":7,"column":4},"end":{"line":7,"column":22}},"5":{"start":{"line":10,"column":0},"end":{"line":35,"column":3}},"6":{"start":{"line":38,"column":0},"end":{"line":41,"column":3}},"7":{"start":{"line":44,"column":0},"end":{"line":44,"column":57}},"8":{"start":{"line":46,"column":0},"end":{"line":46,"column":25}}},"branchMap":{"1":{"line":7,"type":"binary-expr","locations":[{"start":{"line":7,"column":11},"end":{"line":7,"column":12}},{"start":{"line":7,"column":16},"end":{"line":7,"column":21}}]}}},"/Users/macintoshhd/Documents/works/tendered-api/src/routes/supplierRoute.js":{"path":"/Users/macintoshhd/Documents/works/tendered-api/src/routes/supplierRoute.js","s":{"1":1,"2":1,"3":1,"4":1,"5":1,"6":1,"7":1,"8":1,"9":4,"10":0,"11":0,"12":0,"13":0,"14":0,"15":0,"16":0,"17":0,"18":0,"19":1,"20":1,"21":1,"22":1,"23":1,"24":1},"b":{"1":[0,0],"2":[0,0],"3":[0,0],"4":[0,0]},"f":{"1":4},"fnMap":{"1":{"name":"authenticate","line":14,"loc":{"start":{"line":14,"column":0},"end":{"line":14,"column":24}}}},"statementMap":{"1":{"start":{"line":3,"column":0},"end":{"line":3,"column":35}},"2":{"start":{"line":4,"column":0},"end":{"line":4,"column":29}},"3":{"start":{"line":5,"column":0},"end":{"line":5,"column":37}},"4":{"start":{"line":6,"column":0},"end":{"line":6,"column":44}},"5":{"start":{"line":7,"column":0},"end":{"line":7,"column":58}},"6":{"start":{"line":8,"column":0},"end":{"line":10,"column":30}},"7":{"start":{"line":12,"column":0},"end":{"line":12,"column":40}},"8":{"start":{"line":14,"column":0},"end":{"line":28,"column":1}},"9":{"start":{"line":15,"column":4},"end":{"line":27,"column":6}},"10":{"start":{"line":16,"column":8},"end":{"line":26,"column":27}},"11":{"start":{"line":17,"column":12},"end":{"line":22,"column":13}},"12":{"start":{"line":18,"column":16},"end":{"line":18,"column":42}},"13":{"start":{"line":19,"column":16},"end":{"line":19,"column":66}},"14":{"start":{"line":20,"column":16},"end":{"line":20,"column":54}},"15":{"start":{"line":21,"column":16},"end":{"line":21,"column":63}},"16":{"start":{"line":23,"column":12},"end":{"line":23,"column":32}},"17":{"start":{"line":24,"column":12},"end":{"line":24,"column":39}},"18":{"start":{"line":25,"column":12},"end":{"line":25,"column":19}},"19":{"start":{"line":30,"column":0},"end":{"line":30,"column":32}},"20":{"start":{"line":32,"column":0},"end":{"line":32,"column":57}},"21":{"start":{"line":33,"column":0},"end":{"line":33,"column":67}},"22":{"start":{"line":34,"column":0},"end":{"line":34,"column":65}},"23":{"start":{"line":35,"column":0},"end":{"line":35,"column":75}},"24":{"start":{"line":37,"column":0},"end":{"line":37,"column":24}}},"branchMap":{"1":{"line":17,"type":"if","locations":[{"start":{"line":17,"column":12},"end":{"line":17,"column":12}},{"start":{"line":17,"column":12},"end":{"line":17,"column":12}}]},"2":{"line":17,"type":"binary-expr","locations":[{"start":{"line":17,"column":16},"end":{"line":17,"column":19}},{"start":{"line":17,"column":23},"end":{"line":17,"column":27}}]},"3":{"line":18,"type":"binary-expr","locations":[{"start":{"line":18,"column":29},"end":{"line":18,"column":32}},{"start":{"line":18,"column":36},"end":{"line":18,"column":40}}]},"4":{"line":19,"type":"binary-expr","locations":[{"start":{"line":19,"column":53},"end":{"line":19,"column":56}},{"start":{"line":19,"column":60},"end":{"line":19,"column":64}}]}}},"/Users/macintoshhd/Documents/works/tendered-api/src/utils/responseFormat.js":{"path":"/Users/macintoshhd/Documents/works/tendered-api/src/utils/responseFormat.js","s":{"1":1,"2":1,"3":1,"4":1},"b":{},"f":{"1":1,"2":1},"fnMap":{"1":{"name":"(anonymous_1)","line":5,"loc":{"start":{"line":5,"column":24},"end":{"line":5,"column":35}}},"2":{"name":"(anonymous_2)","line":15,"loc":{"start":{"line":15,"column":22},"end":{"line":15,"column":33}}}},"statementMap":{"1":{"start":{"line":6,"column":8},"end":{"line":6,"column":59}},"2":{"start":{"line":7,"column":8},"end":{"line":12,"column":11}},"3":{"start":{"line":16,"column":8},"end":{"line":16,"column":45}},"4":{"start":{"line":30,"column":0},"end":{"line":30,"column":32}}},"branchMap":{}},"/Users/macintoshhd/Documents/works/tendered-api/src/controllers/index.js":{"path":"/Users/macintoshhd/Documents/works/tendered-api/src/controllers/index.js","s":{"1":1,"2":1,"3":1,"4":1},"b":{},"f":{},"fnMap":{},"statementMap":{"1":{"start":{"line":3,"column":0},"end":{"line":3,"column":49}},"2":{"start":{"line":4,"column":0},"end":{"line":4,"column":53}},"3":{"start":{"line":5,"column":0},"end":{"line":5,"column":41}},"4":{"start":{"line":8,"column":0},"end":{"line":12,"column":2}}},"branchMap":{}},"/Users/macintoshhd/Documents/works/tendered-api/src/utils/validators/supplierValidator.js":{"path":"/Users/macintoshhd/Documents/works/tendered-api/src/utils/validators/supplierValidator.js","s":{"1":1,"2":1,"3":1},"b":{},"f":{},"fnMap":{},"statementMap":{"1":{"start":{"line":3,"column":0},"end":{"line":25,"column":2}},"2":{"start":{"line":27,"column":0},"end":{"line":56,"column":2}},"3":{"start":{"line":59,"column":0},"end":{"line":69,"column":2}}},"branchMap":{}},"/Users/macintoshhd/Documents/works/tendered-api/src/models/bid.js":{"path":"/Users/macintoshhd/Documents/works/tendered-api/src/models/bid.js","s":{"1":1,"2":1,"3":1,"4":1,"5":1},"b":{},"f":{},"fnMap":{},"statementMap":{"1":{"start":{"line":3,"column":0},"end":{"line":3,"column":37}},"2":{"start":{"line":5,"column":0},"end":{"line":18,"column":3}},"3":{"start":{"line":21,"column":0},"end":{"line":23,"column":3}},"4":{"start":{"line":26,"column":0},"end":{"line":26,"column":45}},"5":{"start":{"line":28,"column":0},"end":{"line":28,"column":21}}},"branchMap":{}},"/Users/macintoshhd/Documents/works/tendered-api/src/utils/validators/contractorValidator.js":{"path":"/Users/macintoshhd/Documents/works/tendered-api/src/utils/validators/contractorValidator.js","s":{"1":1,"2":1,"3":1},"b":{},"f":{},"fnMap":{},"statementMap":{"1":{"start":{"line":3,"column":0},"end":{"line":32,"column":2}},"2":{"start":{"line":34,"column":0},"end":{"line":41,"column":1}},"3":{"start":{"line":43,"column":0},"end":{"line":50,"column":2}}},"branchMap":{}},"/Users/macintoshhd/Documents/works/tendered-api/src/utils/validators/authValidator.js":{"path":"/Users/macintoshhd/Documents/works/tendered-api/src/utils/validators/authValidator.js","s":{"1":1,"2":1},"b":{},"f":{},"fnMap":{},"statementMap":{"1":{"start":{"line":3,"column":0},"end":{"line":26,"column":2}},"2":{"start":{"line":28,"column":0},"end":{"line":66,"column":2}}},"branchMap":{}},"/Users/macintoshhd/Documents/works/tendered-api/src/models/auth.js":{"path":"/Users/macintoshhd/Documents/works/tendered-api/src/models/auth.js","s":{"1":1,"2":1,"3":1,"4":1,"5":1},"b":{},"f":{},"fnMap":{},"statementMap":{"1":{"start":{"line":3,"column":0},"end":{"line":3,"column":37}},"2":{"start":{"line":5,"column":0},"end":{"line":12,"column":3}},"3":{"start":{"line":15,"column":0},"end":{"line":18,"column":3}},"4":{"start":{"line":21,"column":0},"end":{"line":21,"column":48}},"5":{"start":{"line":23,"column":0},"end":{"line":23,"column":22}}},"branchMap":{}},"/Users/macintoshhd/Documents/works/tendered-api/src/models/supplier.js":{"path":"/Users/macintoshhd/Documents/works/tendered-api/src/models/supplier.js","s":{"1":1,"2":1,"3":1,"4":1},"b":{},"f":{},"fnMap":{},"statementMap":{"1":{"start":{"line":3,"column":0},"end":{"line":3,"column":37}},"2":{"start":{"line":5,"column":0},"end":{"line":12,"column":3}},"3":{"start":{"line":14,"column":0},"end":{"line":14,"column":60}},"4":{"start":{"line":16,"column":0},"end":{"line":16,"column":26}}},"branchMap":{}},"/Users/macintoshhd/Documents/works/tendered-api/src/models/contractor.js":{"path":"/Users/macintoshhd/Documents/works/tendered-api/src/models/contractor.js","s":{"1":1,"2":1,"3":1,"4":1},"b":{},"f":{},"fnMap":{},"statementMap":{"1":{"start":{"line":3,"column":0},"end":{"line":3,"column":37}},"2":{"start":{"line":5,"column":0},"end":{"line":12,"column":3}},"3":{"start":{"line":14,"column":0},"end":{"line":14,"column":66}},"4":{"start":{"line":16,"column":0},"end":{"line":16,"column":28}}},"branchMap":{}},"/Users/macintoshhd/Documents/works/tendered-api/src/routes/contractorRoute.js":{"path":"/Users/macintoshhd/Documents/works/tendered-api/src/routes/contractorRoute.js","s":{"1":1,"2":1,"3":1,"4":1,"5":1,"6":1,"7":1,"8":1,"9":4,"10":1,"11":0,"12":0,"13":0,"14":0,"15":0,"16":0,"17":0,"18":0,"19":1,"20":1,"21":1,"22":1,"23":1,"24":1},"b":{"1":[0,0],"2":[0,0],"3":[0,0],"4":[0,0]},"f":{"1":4},"fnMap":{"1":{"name":"authenticate","line":14,"loc":{"start":{"line":14,"column":0},"end":{"line":14,"column":24}}}},"statementMap":{"1":{"start":{"line":3,"column":0},"end":{"line":3,"column":35}},"2":{"start":{"line":4,"column":0},"end":{"line":4,"column":29}},"3":{"start":{"line":5,"column":0},"end":{"line":5,"column":37}},"4":{"start":{"line":6,"column":0},"end":{"line":6,"column":44}},"5":{"start":{"line":7,"column":0},"end":{"line":7,"column":58}},"6":{"start":{"line":8,"column":0},"end":{"line":10,"column":30}},"7":{"start":{"line":12,"column":0},"end":{"line":12,"column":40}},"8":{"start":{"line":14,"column":0},"end":{"line":28,"column":1}},"9":{"start":{"line":15,"column":4},"end":{"line":27,"column":6}},"10":{"start":{"line":16,"column":8},"end":{"line":26,"column":27}},"11":{"start":{"line":17,"column":12},"end":{"line":22,"column":13}},"12":{"start":{"line":18,"column":16},"end":{"line":18,"column":42}},"13":{"start":{"line":19,"column":16},"end":{"line":19,"column":66}},"14":{"start":{"line":20,"column":16},"end":{"line":20,"column":54}},"15":{"start":{"line":21,"column":16},"end":{"line":21,"column":63}},"16":{"start":{"line":23,"column":12},"end":{"line":23,"column":34}},"17":{"start":{"line":24,"column":12},"end":{"line":24,"column":41}},"18":{"start":{"line":25,"column":12},"end":{"line":25,"column":19}},"19":{"start":{"line":30,"column":0},"end":{"line":30,"column":32}},"20":{"start":{"line":32,"column":0},"end":{"line":32,"column":75}},"21":{"start":{"line":33,"column":0},"end":{"line":33,"column":66}},"22":{"start":{"line":34,"column":0},"end":{"line":34,"column":64}},"23":{"start":{"line":35,"column":0},"end":{"line":35,"column":71}},"24":{"start":{"line":37,"column":0},"end":{"line":37,"column":24}}},"branchMap":{"1":{"line":17,"type":"if","locations":[{"start":{"line":17,"column":12},"end":{"line":17,"column":12}},{"start":{"line":17,"column":12},"end":{"line":17,"column":12}}]},"2":{"line":17,"type":"binary-expr","locations":[{"start":{"line":17,"column":16},"end":{"line":17,"column":19}},{"start":{"line":17,"column":23},"end":{"line":17,"column":27}}]},"3":{"line":18,"type":"binary-expr","locations":[{"start":{"line":18,"column":29},"end":{"line":18,"column":32}},{"start":{"line":18,"column":36},"end":{"line":18,"column":40}}]},"4":{"line":19,"type":"binary-expr","locations":[{"start":{"line":19,"column":53},"end":{"line":19,"column":56}},{"start":{"line":19,"column":60},"end":{"line":19,"column":64}}]}}},"/Users/macintoshhd/Documents/works/tendered-api/src/routes/index.js":{"path":"/Users/macintoshhd/Documents/works/tendered-api/src/routes/index.js","s":{"1":1,"2":1,"3":1,"4":1,"5":1,"6":1},"b":{},"f":{},"fnMap":{},"statementMap":{"1":{"start":{"line":3,"column":0},"end":{"line":3,"column":35}},"2":{"start":{"line":4,"column":0},"end":{"line":6,"column":30}},"3":{"start":{"line":9,"column":0},"end":{"line":9,"column":32}},"4":{"start":{"line":11,"column":0},"end":{"line":11,"column":40}},"5":{"start":{"line":12,"column":0},"end":{"line":12,"column":34}},"6":{"start":{"line":14,"column":0},"end":{"line":14,"column":24}}},"branchMap":{}},"/Users/macintoshhd/Documents/works/tendered-api/src/utils/database.js":{"path":"/Users/macintoshhd/Documents/works/tendered-api/src/utils/database.js","s":{"1":1,"2":1,"3":1,"4":1,"5":1,"6":1,"7":0,"8":0},"b":{},"f":{},"fnMap":{},"statementMap":{"1":{"start":{"line":3,"column":0},"end":{"line":3,"column":37}},"2":{"start":{"line":4,"column":0},"end":{"line":4,"column":44}},"3":{"start":{"line":5,"column":0},"end":{"line":5,"column":27}},"4":{"start":{"line":7,"column":0},"end":{"line":7,"column":34}},"5":{"start":{"line":8,"column":0},"end":{"line":20,"column":7}},"6":{"start":{"line":15,"column":8},"end":{"line":15,"column":45}},"7":{"start":{"line":18,"column":8},"end":{"line":18,"column":26}},"8":{"start":{"line":19,"column":8},"end":{"line":19,"column":57}}},"branchMap":{}}}