TN:
SF:/Users/macintoshhd/Documents/works/tendered-api/src/constants/messages.js
FNF:0
FNH:0
DA:3,1
DA:38,1
LF:2
LH:2
BRF:0
BRH:0
end_of_record
TN:
SF:/Users/macintoshhd/Documents/works/tendered-api/src/utils/middleware/error.js
FNF:0
FNH:0
DA:4,1
DA:6,1
DA:8,0
DA:11,0
DA:13,0
DA:14,0
DA:17,0
DA:18,0
DA:21,0
LF:9
LH:2
BRDA:13,1,0,0
BRDA:13,1,1,0
BRDA:21,2,0,0
BRDA:21,2,1,0
BRF:4
BRH:0
end_of_record
TN:
SF:/Users/macintoshhd/Documents/works/tendered-api/src/constants/codes.js
FNF:0
FNH:0
DA:3,1
DA:21,1
LF:2
LH:2
BRF:0
BRH:0
end_of_record
TN:
SF:/Users/macintoshhd/Documents/works/tendered-api/src/models/won_bid.js
FNF:0
FNH:0
DA:3,1
DA:5,1
DA:22,1
DA:28,1
DA:30,1
LF:5
LH:5
BRF:0
BRH:0
end_of_record
TN:
SF:/Users/macintoshhd/Documents/works/tendered-api/src/models/request.js
FN:5,validTimeline
FNF:1
FNH:0
FNDA:0,validTimeline
DA:3,1
DA:5,1
DA:6,0
DA:7,0
DA:10,1
DA:38,1
DA:44,1
DA:46,1
LF:8
LH:6
BRDA:7,1,0,0
BRDA:7,1,1,0
BRF:2
BRH:0
end_of_record
TN:
SF:/Users/macintoshhd/Documents/works/tendered-api/src/routes/supplierRoute.js
FN:14,authenticate
FNF:1
FNH:1
FNDA:4,authenticate
DA:3,1
DA:4,1
DA:5,1
DA:6,1
DA:7,1
DA:8,1
DA:12,1
DA:14,1
DA:15,4
DA:16,0
DA:17,0
DA:18,0
DA:19,0
DA:20,0
DA:21,0
DA:23,0
DA:24,0
DA:25,0
DA:30,1
DA:32,1
DA:33,1
DA:34,1
DA:35,1
DA:37,1
LF:24
LH:15
BRDA:17,1,0,0
BRDA:17,1,1,0
BRDA:17,2,0,0
BRDA:17,2,1,0
BRDA:18,3,0,0
BRDA:18,3,1,0
BRDA:19,4,0,0
BRDA:19,4,1,0
BRF:8
BRH:0
end_of_record
TN:
SF:/Users/macintoshhd/Documents/works/tendered-api/src/utils/responseFormat.js
FN:5,(anonymous_1)
FN:15,(anonymous_2)
FNF:2
FNH:2
FNDA:1,(anonymous_1)
FNDA:1,(anonymous_2)
DA:6,1
DA:7,1
DA:16,1
DA:30,1
LF:4
LH:4
BRF:0
BRH:0
end_of_record
TN:
SF:/Users/macintoshhd/Documents/works/tendered-api/src/controllers/index.js
FNF:0
FNH:0
DA:3,1
DA:4,1
DA:5,1
DA:8,1
LF:4
LH:4
BRF:0
BRH:0
end_of_record
TN:
SF:/Users/macintoshhd/Documents/works/tendered-api/src/utils/validators/supplierValidator.js
FNF:0
FNH:0
DA:3,1
DA:27,1
DA:59,1
LF:3
LH:3
BRF:0
BRH:0
end_of_record
TN:
SF:/Users/macintoshhd/Documents/works/tendered-api/src/models/bid.js
FNF:0
FNH:0
DA:3,1
DA:5,1
DA:21,1
DA:26,1
DA:28,1
LF:5
LH:5
BRF:0
BRH:0
end_of_record
TN:
SF:/Users/macintoshhd/Documents/works/tendered-api/src/utils/validators/contractorValidator.js
FNF:0
FNH:0
DA:3,1
DA:34,1
DA:43,1
LF:3
LH:3
BRF:0
BRH:0
end_of_record
TN:
SF:/Users/macintoshhd/Documents/works/tendered-api/src/utils/validators/authValidator.js
FNF:0
FNH:0
DA:3,1
DA:28,1
LF:2
LH:2
BRF:0
BRH:0
end_of_record
TN:
SF:/Users/macintoshhd/Documents/works/tendered-api/src/models/auth.js
FNF:0
FNH:0
DA:3,1
DA:5,1
DA:15,1
DA:21,1
DA:23,1
LF:5
LH:5
BRF:0
BRH:0
end_of_record
TN:
SF:/Users/macintoshhd/Documents/works/tendered-api/src/models/supplier.js
FNF:0
FNH:0
DA:3,1
DA:5,1
DA:14,1
DA:16,1
LF:4
LH:4
BRF:0
BRH:0
end_of_record
TN:
SF:/Users/macintoshhd/Documents/works/tendered-api/src/models/contractor.js
FNF:0
FNH:0
DA:3,1
DA:5,1
DA:14,1
DA:16,1
LF:4
LH:4
BRF:0
BRH:0
end_of_record
TN:
SF:/Users/macintoshhd/Documents/works/tendered-api/src/routes/contractorRoute.js
FN:14,authenticate
FNF:1
FNH:1
FNDA:4,authenticate
DA:3,1
DA:4,1
DA:5,1
DA:6,1
DA:7,1
DA:8,1
DA:12,1
DA:14,1
DA:15,4
DA:16,1
DA:17,0
DA:18,0
DA:19,0
DA:20,0
DA:21,0
DA:23,0
DA:24,0
DA:25,0
DA:30,1
DA:32,1
DA:33,1
DA:34,1
DA:35,1
DA:37,1
LF:24
LH:16
BRDA:17,1,0,0
BRDA:17,1,1,0
BRDA:17,2,0,0
BRDA:17,2,1,0
BRDA:18,3,0,0
BRDA:18,3,1,0
BRDA:19,4,0,0
BRDA:19,4,1,0
BRF:8
BRH:0
end_of_record
TN:
SF:/Users/macintoshhd/Documents/works/tendered-api/src/routes/index.js
FNF:0
FNH:0
DA:3,1
DA:4,1
DA:9,1
DA:11,1
DA:12,1
DA:14,1
LF:6
LH:6
BRF:0
BRH:0
end_of_record
TN:
SF:/Users/macintoshhd/Documents/works/tendered-api/src/utils/database.js
FNF:0
FNH:0
DA:3,1
DA:4,1
DA:5,1
DA:7,1
DA:8,1
DA:15,1
DA:18,0
DA:19,0
LF:8
LH:6
BRF:0
BRH:0
end_of_record
